# JRE version: OpenJDK Runtime Environment (16.0.1+9) (build 16.0.1+9-24)
# Java VM: OpenJDK 64-Bit Server VM (16.0.1+9-24, mixed mode, tiered, compressed oops, compressed class ptrs, g1 gc, windows-amd64)
GC Precious Log:
 CPUs: 8 total, 8 available
 Memory: 16251M
 Large Page Support: Disabled
 NUMA Support: Disabled
 Compressed Oops: Enabled (Zero based)
 Heap Region Size: 2M
 Heap Min Capacity: 8M
 Heap Initial Capacity: 254M
 Heap Max Capacity: 4064M
 Pre-touch: Disabled
 Parallel Workers: 8
 Concurrent Workers: 2
 Concurrent Refinement Workers: 8
 Periodic GC: Disabled
Heap:
 garbage-first heap   total 116736K, used 62729K [0x0000000702000000, 0x0000000800000000)
  region size 2048K, 10 young (20480K), 2 survivors (4096K)
 Metaspace       used 95238K, committed 96704K, reserved 1138688K
  class space    used 11959K, committed 12736K, reserved 1048576K
GC Heap History (20 events):
Event: 2546.623 GC heap after
{Heap after GC invocations=88 (full 15):
 garbage-first heap   total 116736K, used 42840K [0x0000000702000000, 0x0000000800000000)
  region size 2048K, 2 young (4096K), 2 survivors (4096K)
 Metaspace       used 93331K, committed 94592K, reserved 1138688K
  class space    used 11733K, committed 12416K, reserved 1048576K
}
Event: 2547.012 GC heap before
{Heap before GC invocations=88 (full 15):
 garbage-first heap   total 116736K, used 89944K [0x0000000702000000, 0x0000000800000000)
  region size 2048K, 26 young (53248K), 2 survivors (4096K)
 Metaspace       used 93638K, committed 94912K, reserved 1138688K
  class space    used 11773K, committed 12480K, reserved 1048576K
}
Event: 2547.015 GC heap after
{Heap after GC invocations=89 (full 15):
 garbage-first heap   total 116736K, used 44136K [0x0000000702000000, 0x0000000800000000)
  region size 2048K, 3 young (6144K), 3 survivors (6144K)
 Metaspace       used 93638K, committed 94912K, reserved 1138688K
  class space    used 11773K, committed 12480K, reserved 1048576K
}
Event: 2547.227 GC heap before
{Heap before GC invocations=89 (full 15):
 garbage-first heap   total 116736K, used 91240K [0x0000000702000000, 0x0000000800000000)
  region size 2048K, 26 young (53248K), 3 survivors (6144K)
 Metaspace       used 94240K, committed 95680K, reserved 1138688K
  class space    used 11866K, committed 12608K, reserved 1048576K
}
Event: 2547.230 GC heap after
{Heap after GC invocations=90 (full 15):
 garbage-first heap   total 116736K, used 46526K [0x0000000702000000, 0x0000000800000000)
  region size 2048K, 3 young (6144K), 3 survivors (6144K)
 Metaspace       used 94240K, committed 95680K, reserved 1138688K
  class space    used 11866K, committed 12608K, reserved 1048576K
}
Event: 2548.914 GC heap before
{Heap before GC invocations=90 (full 15):
 garbage-first heap   total 116736K, used 89534K [0x0000000702000000, 0x0000000800000000)
  region size 2048K, 24 young (49152K), 3 survivors (6144K)
 Metaspace       used 94427K, committed 95872K, reserved 1138688K
  class space    used 11901K, committed 12672K, reserved 1048576K
}
Event: 2548.916 GC heap after
{Heap after GC invocations=91 (full 15):
 garbage-first heap   total 116736K, used 47857K [0x0000000702000000, 0x0000000800000000)
  region size 2048K, 3 young (6144K), 3 survivors (6144K)
 Metaspace       used 94427K, committed 95872K, reserved 1138688K
  class space    used 11901K, committed 12672K, reserved 1048576K
}
Event: 2626.313 GC heap before
{Heap before GC invocations=91 (full 15):
 garbage-first heap   total 116736K, used 86769K [0x0000000702000000, 0x0000000800000000)
  region size 2048K, 23 young (47104K), 3 survivors (6144K)
 Metaspace       used 94558K, committed 96000K, reserved 1138688K
  class space    used 11911K, committed 12672K, reserved 1048576K
}
Event: 2626.315 GC heap after
{Heap after GC invocations=92 (full 15):
 garbage-first heap   total 116736K, used 49742K [0x0000000702000000, 0x0000000800000000)
  region size 2048K, 2 young (4096K), 2 survivors (4096K)
 Metaspace       used 94558K, committed 96000K, reserved 1138688K
  class space    used 11911K, committed 12672K, reserved 1048576K
}
Event: 2672.412 GC heap before
{Heap before GC invocations=92 (full 15):
 garbage-first heap   total 116736K, used 55886K [0x0000000702000000, 0x0000000800000000)
  region size 2048K, 7 young (14336K), 2 survivors (4096K)
 Metaspace       used 94602K, committed 96128K, reserved 1138688K
  class space    used 11912K, committed 12736K, reserved 1048576K
}
Event: 2672.465 GC heap after
{Heap after GC invocations=93 (full 16):
 garbage-first heap   total 116736K, used 39787K [0x0000000702000000, 0x0000000800000000)
  region size 2048K, 0 young (0K), 0 survivors (0K)
 Metaspace       used 94596K, committed 96128K, reserved 1138688K
  class space    used 11911K, committed 12736K, reserved 1048576K
}
Event: 2672.697 GC heap before
{Heap before GC invocations=93 (full 16):
 garbage-first heap   total 116736K, used 86891K [0x0000000702000000, 0x0000000800000000)
  region size 2048K, 24 young (49152K), 0 survivors (0K)
 Metaspace       used 94800K, committed 96320K, reserved 1138688K
  class space    used 11931K, committed 12736K, reserved 1048576K
}
Event: 2672.700 GC heap after
{Heap after GC invocations=94 (full 16):
 garbage-first heap   total 116736K, used 42866K [0x0000000702000000, 0x0000000800000000)
  region size 2048K, 2 young (4096K), 2 survivors (4096K)
 Metaspace       used 94800K, committed 96320K, reserved 1138688K
  class space    used 11931K, committed 12736K, reserved 1048576K
}
Event: 2673.095 GC heap before
{Heap before GC invocations=94 (full 16):
 garbage-first heap   total 116736K, used 87922K [0x0000000702000000, 0x0000000800000000)
  region size 2048K, 25 young (51200K), 2 survivors (4096K)
 Metaspace       used 94939K, committed 96448K, reserved 1138688K
  class space    used 11939K, committed 12736K, reserved 1048576K
}
Event: 2673.097 GC heap after
{Heap after GC invocations=95 (full 16):
 garbage-first heap   total 116736K, used 44461K [0x0000000702000000, 0x0000000800000000)
  region size 2048K, 3 young (6144K), 3 survivors (6144K)
 Metaspace       used 94939K, committed 96448K, reserved 1138688K
  class space    used 11939K, committed 12736K, reserved 1048576K
}
Event: 2673.276 GC heap before
{Heap before GC invocations=95 (full 16):
 garbage-first heap   total 116736K, used 89517K [0x0000000702000000, 0x0000000800000000)
  region size 2048K, 25 young (51200K), 3 survivors (6144K)
 Metaspace       used 95170K, committed 96640K, reserved 1138688K
  class space    used 11953K, committed 12736K, reserved 1048576K
}
Event: 2673.280 GC heap after
{Heap after GC invocations=96 (full 16):
 garbage-first heap   total 116736K, used 46326K [0x0000000702000000, 0x0000000800000000)
  region size 2048K, 2 young (4096K), 2 survivors (4096K)
 Metaspace       used 95170K, committed 96640K, reserved 1138688K
  class space    used 11953K, committed 12736K, reserved 1048576K
}
Event: 2674.611 GC heap before
{Heap before GC invocations=96 (full 16):
 garbage-first heap   total 116736K, used 91382K [0x0000000702000000, 0x0000000800000000)
  region size 2048K, 24 young (49152K), 2 survivors (4096K)
 Metaspace       used 95209K, committed 96704K, reserved 1138688K
  class space    used 11957K, committed 12736K, reserved 1048576K
}
Event: 2674.614 GC heap after
{Heap after GC invocations=97 (full 16):
 garbage-first heap   total 116736K, used 47014K [0x0000000702000000, 0x0000000800000000)
  region size 2048K, 2 young (4096K), 2 survivors (4096K)
 Metaspace       used 95209K, committed 96704K, reserved 1138688K
  class space    used 11957K, committed 12736K, reserved 1048576K
}
Event: 2867.679 GC heap before
{Heap before GC invocations=97 (full 16):
 garbage-first heap   total 116736K, used 61350K [0x0000000702000000, 0x0000000800000000)
  region size 2048K, 10 young (20480K), 2 survivors (4096K)
 Metaspace       used 95238K, committed 96704K, reserved 1138688K
  class space    used 11959K, committed 12736K, reserved 1048576K
}

